The system is: Linux - 5.15.0-71-generic - x86_64
Compiling the C compiler identification source file "CMakeCCompilerId.c" succeeded.
Compiler: /home/gwangmu/Projects/Riskier/llvm/install/bin/clang 
Build flags: 
Id flags:  

The output was:
0


Compilation of the C compiler identification source "CMakeCCompilerId.c" produced "a.out"

The C compiler identification is Clang, found in "/home/gwangmu/Projects/Riskier/cisa/build/CMakeFiles/3.16.3/CompilerIdC/a.out"

Compiling the CXX compiler identification source file "CMakeCXXCompilerId.cpp" succeeded.
Compiler: /home/gwangmu/Projects/Riskier/llvm/install/bin/clang++ 
Build flags: 
Id flags:  

The output was:
0


Compilation of the CXX compiler identification source "CMakeCXXCompilerId.cpp" produced "a.out"

The CXX compiler identification is Clang, found in "/home/gwangmu/Projects/Riskier/cisa/build/CMakeFiles/3.16.3/CompilerIdCXX/a.out"

Determining if the C compiler works passed with the following output:
Change Dir: /home/gwangmu/Projects/Riskier/cisa/build/CMakeFiles/CMakeTmp

Run Build Command(s):/usr/bin/make cmTC_84f64/fast && make[1]: Entering directory '/home/gwangmu/Projects/Riskier/cisa/build/CMakeFiles/CMakeTmp'
/usr/bin/make -f CMakeFiles/cmTC_84f64.dir/build.make CMakeFiles/cmTC_84f64.dir/build
make[2]: Entering directory '/home/gwangmu/Projects/Riskier/cisa/build/CMakeFiles/CMakeTmp'
Building C object CMakeFiles/cmTC_84f64.dir/testCCompiler.c.o
/home/gwangmu/Projects/Riskier/llvm/install/bin/clang    -o CMakeFiles/cmTC_84f64.dir/testCCompiler.c.o   -c /home/gwangmu/Projects/Riskier/cisa/build/CMakeFiles/CMakeTmp/testCCompiler.c
Linking C executable cmTC_84f64
/usr/bin/cmake -E cmake_link_script CMakeFiles/cmTC_84f64.dir/link.txt --verbose=1
/home/gwangmu/Projects/Riskier/llvm/install/bin/clang      -rdynamic CMakeFiles/cmTC_84f64.dir/testCCompiler.c.o  -o cmTC_84f64 
make[2]: Leaving directory '/home/gwangmu/Projects/Riskier/cisa/build/CMakeFiles/CMakeTmp'
make[1]: Leaving directory '/home/gwangmu/Projects/Riskier/cisa/build/CMakeFiles/CMakeTmp'



Detecting C compiler ABI info compiled with the following output:
Change Dir: /home/gwangmu/Projects/Riskier/cisa/build/CMakeFiles/CMakeTmp

Run Build Command(s):/usr/bin/make cmTC_d7b3e/fast && make[1]: Entering directory '/home/gwangmu/Projects/Riskier/cisa/build/CMakeFiles/CMakeTmp'
/usr/bin/make -f CMakeFiles/cmTC_d7b3e.dir/build.make CMakeFiles/cmTC_d7b3e.dir/build
make[2]: Entering directory '/home/gwangmu/Projects/Riskier/cisa/build/CMakeFiles/CMakeTmp'
Building C object CMakeFiles/cmTC_d7b3e.dir/CMakeCCompilerABI.c.o
/home/gwangmu/Projects/Riskier/llvm/install/bin/clang   -v -o CMakeFiles/cmTC_d7b3e.dir/CMakeCCompilerABI.c.o   -c /usr/share/cmake-3.16/Modules/CMakeCCompilerABI.c
clang version 15.0.0 (git@github.com:llvm/llvm-project.git e758b77161a70d7e7260d8f52bf161a89d73af8a)
Target: x86_64-unknown-linux-gnu
Thread model: posix
InstalledDir: /home/gwangmu/Projects/Riskier/llvm/install/bin
Found candidate GCC installation: /usr/lib/gcc/x86_64-linux-gnu/10
Found candidate GCC installation: /usr/lib/gcc/x86_64-linux-gnu/8
Found candidate GCC installation: /usr/lib/gcc/x86_64-linux-gnu/9
Selected GCC installation: /usr/lib/gcc/x86_64-linux-gnu/10
Candidate multilib: .;@m64
Selected multilib: .;@m64
 (in-process)
 "/home/gwangmu/Projects/Riskier/llvm/install/bin/clang-15" -cc1 -triple x86_64-unknown-linux-gnu -emit-obj -mrelax-all --mrelax-relocations -disable-free -clear-ast-before-backend -disable-llvm-verifier -discard-value-names -main-file-name CMakeCCompilerABI.c -mrelocation-model pic -pic-level 2 -pic-is-pie -mframe-pointer=all -fmath-errno -ffp-contract=on -fno-rounding-math -mconstructor-aliases -funwind-tables=2 -target-cpu x86-64 -tune-cpu generic -mllvm -treat-scalable-fixed-error-as-warning -debugger-tuning=gdb -v -fcoverage-compilation-dir=/home/gwangmu/Projects/Riskier/cisa/build/CMakeFiles/CMakeTmp -resource-dir /home/gwangmu/Projects/Riskier/llvm/install/lib/clang/15.0.0 -internal-isystem /home/gwangmu/Projects/Riskier/llvm/install/lib/clang/15.0.0/include -internal-isystem /usr/local/include -internal-isystem /usr/lib/gcc/x86_64-linux-gnu/10/../../../../x86_64-linux-gnu/include -internal-externc-isystem /usr/include/x86_64-linux-gnu -internal-externc-isystem /include -internal-externc-isystem /usr/include -fdebug-compilation-dir=/home/gwangmu/Projects/Riskier/cisa/build/CMakeFiles/CMakeTmp -ferror-limit 19 -fgnuc-version=4.2.1 -faddrsig -D__GCC_HAVE_DWARF2_CFI_ASM=1 -o CMakeFiles/cmTC_d7b3e.dir/CMakeCCompilerABI.c.o -x c /usr/share/cmake-3.16/Modules/CMakeCCompilerABI.c
clang -cc1 version 15.0.0 based upon LLVM 15.0.0git default target x86_64-unknown-linux-gnu
ignoring nonexistent directory "/usr/lib/gcc/x86_64-linux-gnu/10/../../../../x86_64-linux-gnu/include"
ignoring nonexistent directory "/include"
#include "..." search starts here:
#include <...> search starts here:
 /home/gwangmu/Projects/Riskier/llvm/install/lib/clang/15.0.0/include
 /usr/local/include
 /usr/include/x86_64-linux-gnu
 /usr/include
End of search list.
Linking C executable cmTC_d7b3e
/usr/bin/cmake -E cmake_link_script CMakeFiles/cmTC_d7b3e.dir/link.txt --verbose=1
/home/gwangmu/Projects/Riskier/llvm/install/bin/clang     -v -rdynamic CMakeFiles/cmTC_d7b3e.dir/CMakeCCompilerABI.c.o  -o cmTC_d7b3e 
clang version 15.0.0 (git@github.com:llvm/llvm-project.git e758b77161a70d7e7260d8f52bf161a89d73af8a)
Target: x86_64-unknown-linux-gnu
Thread model: posix
InstalledDir: /home/gwangmu/Projects/Riskier/llvm/install/bin
Found candidate GCC installation: /usr/lib/gcc/x86_64-linux-gnu/10
Found candidate GCC installation: /usr/lib/gcc/x86_64-linux-gnu/8
Found candidate GCC installation: /usr/lib/gcc/x86_64-linux-gnu/9
Selected GCC installation: /usr/lib/gcc/x86_64-linux-gnu/10
Candidate multilib: .;@m64
Selected multilib: .;@m64
 "/usr/bin/ld" -pie -export-dynamic -z relro --hash-style=gnu --eh-frame-hdr -m elf_x86_64 -export-dynamic -dynamic-linker /lib64/ld-linux-x86-64.so.2 -o cmTC_d7b3e /lib/x86_64-linux-gnu/Scrt1.o /lib/x86_64-linux-gnu/crti.o /usr/lib/gcc/x86_64-linux-gnu/10/crtbeginS.o -L/usr/lib/gcc/x86_64-linux-gnu/10 -L/usr/lib/gcc/x86_64-linux-gnu/10/../../../../lib64 -L/lib/x86_64-linux-gnu -L/lib/../lib64 -L/usr/lib/x86_64-linux-gnu -L/usr/lib/../lib64 -L/lib -L/usr/lib CMakeFiles/cmTC_d7b3e.dir/CMakeCCompilerABI.c.o -lgcc --as-needed -lgcc_s --no-as-needed -lc -lgcc --as-needed -lgcc_s --no-as-needed /usr/lib/gcc/x86_64-linux-gnu/10/crtendS.o /lib/x86_64-linux-gnu/crtn.o
make[2]: Leaving directory '/home/gwangmu/Projects/Riskier/cisa/build/CMakeFiles/CMakeTmp'
make[1]: Leaving directory '/home/gwangmu/Projects/Riskier/cisa/build/CMakeFiles/CMakeTmp'



Parsed C implicit include dir info from above output: rv=done
  found start of include info
  found start of implicit include info
    add: [/home/gwangmu/Projects/Riskier/llvm/install/lib/clang/15.0.0/include]
    add: [/usr/local/include]
    add: [/usr/include/x86_64-linux-gnu]
    add: [/usr/include]
  end of search list found
  collapse include dir [/home/gwangmu/Projects/Riskier/llvm/install/lib/clang/15.0.0/include] ==> [/home/gwangmu/Projects/Riskier/llvm/install/lib/clang/15.0.0/include]
  collapse include dir [/usr/local/include] ==> [/usr/local/include]
  collapse include dir [/usr/include/x86_64-linux-gnu] ==> [/usr/include/x86_64-linux-gnu]
  collapse include dir [/usr/include] ==> [/usr/include]
  implicit include dirs: [/home/gwangmu/Projects/Riskier/llvm/install/lib/clang/15.0.0/include;/usr/local/include;/usr/include/x86_64-linux-gnu;/usr/include]


Parsed C implicit link information from above output:
  link line regex: [^( *|.*[/\])(ld|CMAKE_LINK_STARTFILE-NOTFOUND|([^/\]+-)?ld|collect2)[^/\]*( |$)]
  ignore line: [Change Dir: /home/gwangmu/Projects/Riskier/cisa/build/CMakeFiles/CMakeTmp]
  ignore line: []
  ignore line: [Run Build Command(s):/usr/bin/make cmTC_d7b3e/fast && make[1]: Entering directory '/home/gwangmu/Projects/Riskier/cisa/build/CMakeFiles/CMakeTmp']
  ignore line: [/usr/bin/make -f CMakeFiles/cmTC_d7b3e.dir/build.make CMakeFiles/cmTC_d7b3e.dir/build]
  ignore line: [make[2]: Entering directory '/home/gwangmu/Projects/Riskier/cisa/build/CMakeFiles/CMakeTmp']
  ignore line: [Building C object CMakeFiles/cmTC_d7b3e.dir/CMakeCCompilerABI.c.o]
  ignore line: [/home/gwangmu/Projects/Riskier/llvm/install/bin/clang   -v -o CMakeFiles/cmTC_d7b3e.dir/CMakeCCompilerABI.c.o   -c /usr/share/cmake-3.16/Modules/CMakeCCompilerABI.c]
  ignore line: [clang version 15.0.0 (git@github.com:llvm/llvm-project.git e758b77161a70d7e7260d8f52bf161a89d73af8a)]
  ignore line: [Target: x86_64-unknown-linux-gnu]
  ignore line: [Thread model: posix]
  ignore line: [InstalledDir: /home/gwangmu/Projects/Riskier/llvm/install/bin]
  ignore line: [Found candidate GCC installation: /usr/lib/gcc/x86_64-linux-gnu/10]
  ignore line: [Found candidate GCC installation: /usr/lib/gcc/x86_64-linux-gnu/8]
  ignore line: [Found candidate GCC installation: /usr/lib/gcc/x86_64-linux-gnu/9]
  ignore line: [Selected GCC installation: /usr/lib/gcc/x86_64-linux-gnu/10]
  ignore line: [Candidate multilib: .]
  ignore line: [@m64]
  ignore line: [Selected multilib: .]
  ignore line: [@m64]
  ignore line: [ (in-process)]
  ignore line: [ "/home/gwangmu/Projects/Riskier/llvm/install/bin/clang-15" -cc1 -triple x86_64-unknown-linux-gnu -emit-obj -mrelax-all --mrelax-relocations -disable-free -clear-ast-before-backend -disable-llvm-verifier -discard-value-names -main-file-name CMakeCCompilerABI.c -mrelocation-model pic -pic-level 2 -pic-is-pie -mframe-pointer=all -fmath-errno -ffp-contract=on -fno-rounding-math -mconstructor-aliases -funwind-tables=2 -target-cpu x86-64 -tune-cpu generic -mllvm -treat-scalable-fixed-error-as-warning -debugger-tuning=gdb -v -fcoverage-compilation-dir=/home/gwangmu/Projects/Riskier/cisa/build/CMakeFiles/CMakeTmp -resource-dir /home/gwangmu/Projects/Riskier/llvm/install/lib/clang/15.0.0 -internal-isystem /home/gwangmu/Projects/Riskier/llvm/install/lib/clang/15.0.0/include -internal-isystem /usr/local/include -internal-isystem /usr/lib/gcc/x86_64-linux-gnu/10/../../../../x86_64-linux-gnu/include -internal-externc-isystem /usr/include/x86_64-linux-gnu -internal-externc-isystem /include -internal-externc-isystem /usr/include -fdebug-compilation-dir=/home/gwangmu/Projects/Riskier/cisa/build/CMakeFiles/CMakeTmp -ferror-limit 19 -fgnuc-version=4.2.1 -faddrsig -D__GCC_HAVE_DWARF2_CFI_ASM=1 -o CMakeFiles/cmTC_d7b3e.dir/CMakeCCompilerABI.c.o -x c /usr/share/cmake-3.16/Modules/CMakeCCompilerABI.c]
  ignore line: [clang -cc1 version 15.0.0 based upon LLVM 15.0.0git default target x86_64-unknown-linux-gnu]
  ignore line: [ignoring nonexistent directory "/usr/lib/gcc/x86_64-linux-gnu/10/../../../../x86_64-linux-gnu/include"]
  ignore line: [ignoring nonexistent directory "/include"]
  ignore line: [#include "..." search starts here:]
  ignore line: [#include <...> search starts here:]
  ignore line: [ /home/gwangmu/Projects/Riskier/llvm/install/lib/clang/15.0.0/include]
  ignore line: [ /usr/local/include]
  ignore line: [ /usr/include/x86_64-linux-gnu]
  ignore line: [ /usr/include]
  ignore line: [End of search list.]
  ignore line: [Linking C executable cmTC_d7b3e]
  ignore line: [/usr/bin/cmake -E cmake_link_script CMakeFiles/cmTC_d7b3e.dir/link.txt --verbose=1]
  ignore line: [/home/gwangmu/Projects/Riskier/llvm/install/bin/clang     -v -rdynamic CMakeFiles/cmTC_d7b3e.dir/CMakeCCompilerABI.c.o  -o cmTC_d7b3e ]
  ignore line: [clang version 15.0.0 (git@github.com:llvm/llvm-project.git e758b77161a70d7e7260d8f52bf161a89d73af8a)]
  ignore line: [Target: x86_64-unknown-linux-gnu]
  ignore line: [Thread model: posix]
  ignore line: [InstalledDir: /home/gwangmu/Projects/Riskier/llvm/install/bin]
  ignore line: [Found candidate GCC installation: /usr/lib/gcc/x86_64-linux-gnu/10]
  ignore line: [Found candidate GCC installation: /usr/lib/gcc/x86_64-linux-gnu/8]
  ignore line: [Found candidate GCC installation: /usr/lib/gcc/x86_64-linux-gnu/9]
  ignore line: [Selected GCC installation: /usr/lib/gcc/x86_64-linux-gnu/10]
  ignore line: [Candidate multilib: .]
  ignore line: [@m64]
  ignore line: [Selected multilib: .]
  ignore line: [@m64]
  link line: [ "/usr/bin/ld" -pie -export-dynamic -z relro --hash-style=gnu --eh-frame-hdr -m elf_x86_64 -export-dynamic -dynamic-linker /lib64/ld-linux-x86-64.so.2 -o cmTC_d7b3e /lib/x86_64-linux-gnu/Scrt1.o /lib/x86_64-linux-gnu/crti.o /usr/lib/gcc/x86_64-linux-gnu/10/crtbeginS.o -L/usr/lib/gcc/x86_64-linux-gnu/10 -L/usr/lib/gcc/x86_64-linux-gnu/10/../../../../lib64 -L/lib/x86_64-linux-gnu -L/lib/../lib64 -L/usr/lib/x86_64-linux-gnu -L/usr/lib/../lib64 -L/lib -L/usr/lib CMakeFiles/cmTC_d7b3e.dir/CMakeCCompilerABI.c.o -lgcc --as-needed -lgcc_s --no-as-needed -lc -lgcc --as-needed -lgcc_s --no-as-needed /usr/lib/gcc/x86_64-linux-gnu/10/crtendS.o /lib/x86_64-linux-gnu/crtn.o]
    arg [/usr/bin/ld] ==> ignore
    arg [-pie] ==> ignore
    arg [-export-dynamic] ==> ignore
    arg [-zrelro] ==> ignore
    arg [--hash-style=gnu] ==> ignore
    arg [--eh-frame-hdr] ==> ignore
    arg [-m] ==> ignore
    arg [elf_x86_64] ==> ignore
    arg [-export-dynamic] ==> ignore
    arg [-dynamic-linker] ==> ignore
    arg [/lib64/ld-linux-x86-64.so.2] ==> ignore
    arg [-o] ==> ignore
    arg [cmTC_d7b3e] ==> ignore
    arg [/lib/x86_64-linux-gnu/Scrt1.o] ==> ignore
    arg [/lib/x86_64-linux-gnu/crti.o] ==> ignore
    arg [/usr/lib/gcc/x86_64-linux-gnu/10/crtbeginS.o] ==> ignore
    arg [-L/usr/lib/gcc/x86_64-linux-gnu/10] ==> dir [/usr/lib/gcc/x86_64-linux-gnu/10]
    arg [-L/usr/lib/gcc/x86_64-linux-gnu/10/../../../../lib64] ==> dir [/usr/lib/gcc/x86_64-linux-gnu/10/../../../../lib64]
    arg [-L/lib/x86_64-linux-gnu] ==> dir [/lib/x86_64-linux-gnu]
    arg [-L/lib/../lib64] ==> dir [/lib/../lib64]
    arg [-L/usr/lib/x86_64-linux-gnu] ==> dir [/usr/lib/x86_64-linux-gnu]
    arg [-L/usr/lib/../lib64] ==> dir [/usr/lib/../lib64]
    arg [-L/lib] ==> dir [/lib]
    arg [-L/usr/lib] ==> dir [/usr/lib]
    arg [CMakeFiles/cmTC_d7b3e.dir/CMakeCCompilerABI.c.o] ==> ignore
    arg [-lgcc] ==> lib [gcc]
    arg [--as-needed] ==> ignore
    arg [-lgcc_s] ==> lib [gcc_s]
    arg [--no-as-needed] ==> ignore
    arg [-lc] ==> lib [c]
    arg [-lgcc] ==> lib [gcc]
    arg [--as-needed] ==> ignore
    arg [-lgcc_s] ==> lib [gcc_s]
    arg [--no-as-needed] ==> ignore
    arg [/usr/lib/gcc/x86_64-linux-gnu/10/crtendS.o] ==> ignore
    arg [/lib/x86_64-linux-gnu/crtn.o] ==> ignore
  collapse library dir [/usr/lib/gcc/x86_64-linux-gnu/10] ==> [/usr/lib/gcc/x86_64-linux-gnu/10]
  collapse library dir [/usr/lib/gcc/x86_64-linux-gnu/10/../../../../lib64] ==> [/usr/lib64]
  collapse library dir [/lib/x86_64-linux-gnu] ==> [/lib/x86_64-linux-gnu]
  collapse library dir [/lib/../lib64] ==> [/lib64]
  collapse library dir [/usr/lib/x86_64-linux-gnu] ==> [/usr/lib/x86_64-linux-gnu]
  collapse library dir [/usr/lib/../lib64] ==> [/usr/lib64]
  collapse library dir [/lib] ==> [/lib]
  collapse library dir [/usr/lib] ==> [/usr/lib]
  implicit libs: [gcc;gcc_s;c;gcc;gcc_s]
  implicit dirs: [/usr/lib/gcc/x86_64-linux-gnu/10;/usr/lib64;/lib/x86_64-linux-gnu;/lib64;/usr/lib/x86_64-linux-gnu;/lib;/usr/lib]
  implicit fwks: []


Determining if the CXX compiler works passed with the following output:
Change Dir: /home/gwangmu/Projects/Riskier/cisa/build/CMakeFiles/CMakeTmp

Run Build Command(s):/usr/bin/make cmTC_472d6/fast && make[1]: Entering directory '/home/gwangmu/Projects/Riskier/cisa/build/CMakeFiles/CMakeTmp'
/usr/bin/make -f CMakeFiles/cmTC_472d6.dir/build.make CMakeFiles/cmTC_472d6.dir/build
make[2]: Entering directory '/home/gwangmu/Projects/Riskier/cisa/build/CMakeFiles/CMakeTmp'
Building CXX object CMakeFiles/cmTC_472d6.dir/testCXXCompiler.cxx.o
/home/gwangmu/Projects/Riskier/llvm/install/bin/clang++     -o CMakeFiles/cmTC_472d6.dir/testCXXCompiler.cxx.o -c /home/gwangmu/Projects/Riskier/cisa/build/CMakeFiles/CMakeTmp/testCXXCompiler.cxx
Linking CXX executable cmTC_472d6
/usr/bin/cmake -E cmake_link_script CMakeFiles/cmTC_472d6.dir/link.txt --verbose=1
/home/gwangmu/Projects/Riskier/llvm/install/bin/clang++       -rdynamic CMakeFiles/cmTC_472d6.dir/testCXXCompiler.cxx.o  -o cmTC_472d6 
make[2]: Leaving directory '/home/gwangmu/Projects/Riskier/cisa/build/CMakeFiles/CMakeTmp'
make[1]: Leaving directory '/home/gwangmu/Projects/Riskier/cisa/build/CMakeFiles/CMakeTmp'



Detecting CXX compiler ABI info compiled with the following output:
Change Dir: /home/gwangmu/Projects/Riskier/cisa/build/CMakeFiles/CMakeTmp

Run Build Command(s):/usr/bin/make cmTC_53c6b/fast && make[1]: Entering directory '/home/gwangmu/Projects/Riskier/cisa/build/CMakeFiles/CMakeTmp'
/usr/bin/make -f CMakeFiles/cmTC_53c6b.dir/build.make CMakeFiles/cmTC_53c6b.dir/build
make[2]: Entering directory '/home/gwangmu/Projects/Riskier/cisa/build/CMakeFiles/CMakeTmp'
Building CXX object CMakeFiles/cmTC_53c6b.dir/CMakeCXXCompilerABI.cpp.o
/home/gwangmu/Projects/Riskier/llvm/install/bin/clang++    -v -o CMakeFiles/cmTC_53c6b.dir/CMakeCXXCompilerABI.cpp.o -c /usr/share/cmake-3.16/Modules/CMakeCXXCompilerABI.cpp
clang version 15.0.0 (git@github.com:llvm/llvm-project.git e758b77161a70d7e7260d8f52bf161a89d73af8a)
Target: x86_64-unknown-linux-gnu
Thread model: posix
InstalledDir: /home/gwangmu/Projects/Riskier/llvm/install/bin
Found candidate GCC installation: /usr/lib/gcc/x86_64-linux-gnu/10
Found candidate GCC installation: /usr/lib/gcc/x86_64-linux-gnu/8
Found candidate GCC installation: /usr/lib/gcc/x86_64-linux-gnu/9
Selected GCC installation: /usr/lib/gcc/x86_64-linux-gnu/10
Candidate multilib: .;@m64
Selected multilib: .;@m64
 (in-process)
 "/home/gwangmu/Projects/Riskier/llvm/install/bin/clang-15" -cc1 -triple x86_64-unknown-linux-gnu -emit-obj -mrelax-all --mrelax-relocations -disable-free -clear-ast-before-backend -disable-llvm-verifier -discard-value-names -main-file-name CMakeCXXCompilerABI.cpp -mrelocation-model pic -pic-level 2 -pic-is-pie -mframe-pointer=all -fmath-errno -ffp-contract=on -fno-rounding-math -mconstructor-aliases -funwind-tables=2 -target-cpu x86-64 -tune-cpu generic -mllvm -treat-scalable-fixed-error-as-warning -debugger-tuning=gdb -v -fcoverage-compilation-dir=/home/gwangmu/Projects/Riskier/cisa/build/CMakeFiles/CMakeTmp -resource-dir /home/gwangmu/Projects/Riskier/llvm/install/lib/clang/15.0.0 -internal-isystem /usr/lib/gcc/x86_64-linux-gnu/10/../../../../include/c++/10 -internal-isystem /usr/lib/gcc/x86_64-linux-gnu/10/../../../../include/x86_64-linux-gnu/c++/10 -internal-isystem /usr/lib/gcc/x86_64-linux-gnu/10/../../../../include/c++/10/backward -internal-isystem /home/gwangmu/Projects/Riskier/llvm/install/lib/clang/15.0.0/include -internal-isystem /usr/local/include -internal-isystem /usr/lib/gcc/x86_64-linux-gnu/10/../../../../x86_64-linux-gnu/include -internal-externc-isystem /usr/include/x86_64-linux-gnu -internal-externc-isystem /include -internal-externc-isystem /usr/include -fdeprecated-macro -fdebug-compilation-dir=/home/gwangmu/Projects/Riskier/cisa/build/CMakeFiles/CMakeTmp -ferror-limit 19 -fgnuc-version=4.2.1 -fcxx-exceptions -fexceptions -faddrsig -D__GCC_HAVE_DWARF2_CFI_ASM=1 -o CMakeFiles/cmTC_53c6b.dir/CMakeCXXCompilerABI.cpp.o -x c++ /usr/share/cmake-3.16/Modules/CMakeCXXCompilerABI.cpp
clang -cc1 version 15.0.0 based upon LLVM 15.0.0git default target x86_64-unknown-linux-gnu
ignoring nonexistent directory "/usr/lib/gcc/x86_64-linux-gnu/10/../../../../x86_64-linux-gnu/include"
ignoring nonexistent directory "/include"
#include "..." search starts here:
#include <...> search starts here:
 /usr/lib/gcc/x86_64-linux-gnu/10/../../../../include/c++/10
 /usr/lib/gcc/x86_64-linux-gnu/10/../../../../include/x86_64-linux-gnu/c++/10
 /usr/lib/gcc/x86_64-linux-gnu/10/../../../../include/c++/10/backward
 /home/gwangmu/Projects/Riskier/llvm/install/lib/clang/15.0.0/include
 /usr/local/include
 /usr/include/x86_64-linux-gnu
 /usr/include
End of search list.
Linking CXX executable cmTC_53c6b
/usr/bin/cmake -E cmake_link_script CMakeFiles/cmTC_53c6b.dir/link.txt --verbose=1
/home/gwangmu/Projects/Riskier/llvm/install/bin/clang++      -v -rdynamic CMakeFiles/cmTC_53c6b.dir/CMakeCXXCompilerABI.cpp.o  -o cmTC_53c6b 
clang version 15.0.0 (git@github.com:llvm/llvm-project.git e758b77161a70d7e7260d8f52bf161a89d73af8a)
Target: x86_64-unknown-linux-gnu
Thread model: posix
InstalledDir: /home/gwangmu/Projects/Riskier/llvm/install/bin
Found candidate GCC installation: /usr/lib/gcc/x86_64-linux-gnu/10
Found candidate GCC installation: /usr/lib/gcc/x86_64-linux-gnu/8
Found candidate GCC installation: /usr/lib/gcc/x86_64-linux-gnu/9
Selected GCC installation: /usr/lib/gcc/x86_64-linux-gnu/10
Candidate multilib: .;@m64
Selected multilib: .;@m64
 "/usr/bin/ld" -pie -export-dynamic -z relro --hash-style=gnu --eh-frame-hdr -m elf_x86_64 -export-dynamic -dynamic-linker /lib64/ld-linux-x86-64.so.2 -o cmTC_53c6b /lib/x86_64-linux-gnu/Scrt1.o /lib/x86_64-linux-gnu/crti.o /usr/lib/gcc/x86_64-linux-gnu/10/crtbeginS.o -L/usr/lib/gcc/x86_64-linux-gnu/10 -L/usr/lib/gcc/x86_64-linux-gnu/10/../../../../lib64 -L/lib/x86_64-linux-gnu -L/lib/../lib64 -L/usr/lib/x86_64-linux-gnu -L/usr/lib/../lib64 -L/lib -L/usr/lib CMakeFiles/cmTC_53c6b.dir/CMakeCXXCompilerABI.cpp.o -lstdc++ -lm -lgcc_s -lgcc -lc -lgcc_s -lgcc /usr/lib/gcc/x86_64-linux-gnu/10/crtendS.o /lib/x86_64-linux-gnu/crtn.o
make[2]: Leaving directory '/home/gwangmu/Projects/Riskier/cisa/build/CMakeFiles/CMakeTmp'
make[1]: Leaving directory '/home/gwangmu/Projects/Riskier/cisa/build/CMakeFiles/CMakeTmp'



Parsed CXX implicit include dir info from above output: rv=done
  found start of include info
  found start of implicit include info
    add: [/usr/lib/gcc/x86_64-linux-gnu/10/../../../../include/c++/10]
    add: [/usr/lib/gcc/x86_64-linux-gnu/10/../../../../include/x86_64-linux-gnu/c++/10]
    add: [/usr/lib/gcc/x86_64-linux-gnu/10/../../../../include/c++/10/backward]
    add: [/home/gwangmu/Projects/Riskier/llvm/install/lib/clang/15.0.0/include]
    add: [/usr/local/include]
    add: [/usr/include/x86_64-linux-gnu]
    add: [/usr/include]
  end of search list found
  collapse include dir [/usr/lib/gcc/x86_64-linux-gnu/10/../../../../include/c++/10] ==> [/usr/include/c++/10]
  collapse include dir [/usr/lib/gcc/x86_64-linux-gnu/10/../../../../include/x86_64-linux-gnu/c++/10] ==> [/usr/include/x86_64-linux-gnu/c++/10]
  collapse include dir [/usr/lib/gcc/x86_64-linux-gnu/10/../../../../include/c++/10/backward] ==> [/usr/include/c++/10/backward]
  collapse include dir [/home/gwangmu/Projects/Riskier/llvm/install/lib/clang/15.0.0/include] ==> [/home/gwangmu/Projects/Riskier/llvm/install/lib/clang/15.0.0/include]
  collapse include dir [/usr/local/include] ==> [/usr/local/include]
  collapse include dir [/usr/include/x86_64-linux-gnu] ==> [/usr/include/x86_64-linux-gnu]
  collapse include dir [/usr/include] ==> [/usr/include]
  implicit include dirs: [/usr/include/c++/10;/usr/include/x86_64-linux-gnu/c++/10;/usr/include/c++/10/backward;/home/gwangmu/Projects/Riskier/llvm/install/lib/clang/15.0.0/include;/usr/local/include;/usr/include/x86_64-linux-gnu;/usr/include]


Parsed CXX implicit link information from above output:
  link line regex: [^( *|.*[/\])(ld|CMAKE_LINK_STARTFILE-NOTFOUND|([^/\]+-)?ld|collect2)[^/\]*( |$)]
  ignore line: [Change Dir: /home/gwangmu/Projects/Riskier/cisa/build/CMakeFiles/CMakeTmp]
  ignore line: []
  ignore line: [Run Build Command(s):/usr/bin/make cmTC_53c6b/fast && make[1]: Entering directory '/home/gwangmu/Projects/Riskier/cisa/build/CMakeFiles/CMakeTmp']
  ignore line: [/usr/bin/make -f CMakeFiles/cmTC_53c6b.dir/build.make CMakeFiles/cmTC_53c6b.dir/build]
  ignore line: [make[2]: Entering directory '/home/gwangmu/Projects/Riskier/cisa/build/CMakeFiles/CMakeTmp']
  ignore line: [Building CXX object CMakeFiles/cmTC_53c6b.dir/CMakeCXXCompilerABI.cpp.o]
  ignore line: [/home/gwangmu/Projects/Riskier/llvm/install/bin/clang++    -v -o CMakeFiles/cmTC_53c6b.dir/CMakeCXXCompilerABI.cpp.o -c /usr/share/cmake-3.16/Modules/CMakeCXXCompilerABI.cpp]
  ignore line: [clang version 15.0.0 (git@github.com:llvm/llvm-project.git e758b77161a70d7e7260d8f52bf161a89d73af8a)]
  ignore line: [Target: x86_64-unknown-linux-gnu]
  ignore line: [Thread model: posix]
  ignore line: [InstalledDir: /home/gwangmu/Projects/Riskier/llvm/install/bin]
  ignore line: [Found candidate GCC installation: /usr/lib/gcc/x86_64-linux-gnu/10]
  ignore line: [Found candidate GCC installation: /usr/lib/gcc/x86_64-linux-gnu/8]
  ignore line: [Found candidate GCC installation: /usr/lib/gcc/x86_64-linux-gnu/9]
  ignore line: [Selected GCC installation: /usr/lib/gcc/x86_64-linux-gnu/10]
  ignore line: [Candidate multilib: .]
  ignore line: [@m64]
  ignore line: [Selected multilib: .]
  ignore line: [@m64]
  ignore line: [ (in-process)]
  ignore line: [ "/home/gwangmu/Projects/Riskier/llvm/install/bin/clang-15" -cc1 -triple x86_64-unknown-linux-gnu -emit-obj -mrelax-all --mrelax-relocations -disable-free -clear-ast-before-backend -disable-llvm-verifier -discard-value-names -main-file-name CMakeCXXCompilerABI.cpp -mrelocation-model pic -pic-level 2 -pic-is-pie -mframe-pointer=all -fmath-errno -ffp-contract=on -fno-rounding-math -mconstructor-aliases -funwind-tables=2 -target-cpu x86-64 -tune-cpu generic -mllvm -treat-scalable-fixed-error-as-warning -debugger-tuning=gdb -v -fcoverage-compilation-dir=/home/gwangmu/Projects/Riskier/cisa/build/CMakeFiles/CMakeTmp -resource-dir /home/gwangmu/Projects/Riskier/llvm/install/lib/clang/15.0.0 -internal-isystem /usr/lib/gcc/x86_64-linux-gnu/10/../../../../include/c++/10 -internal-isystem /usr/lib/gcc/x86_64-linux-gnu/10/../../../../include/x86_64-linux-gnu/c++/10 -internal-isystem /usr/lib/gcc/x86_64-linux-gnu/10/../../../../include/c++/10/backward -internal-isystem /home/gwangmu/Projects/Riskier/llvm/install/lib/clang/15.0.0/include -internal-isystem /usr/local/include -internal-isystem /usr/lib/gcc/x86_64-linux-gnu/10/../../../../x86_64-linux-gnu/include -internal-externc-isystem /usr/include/x86_64-linux-gnu -internal-externc-isystem /include -internal-externc-isystem /usr/include -fdeprecated-macro -fdebug-compilation-dir=/home/gwangmu/Projects/Riskier/cisa/build/CMakeFiles/CMakeTmp -ferror-limit 19 -fgnuc-version=4.2.1 -fcxx-exceptions -fexceptions -faddrsig -D__GCC_HAVE_DWARF2_CFI_ASM=1 -o CMakeFiles/cmTC_53c6b.dir/CMakeCXXCompilerABI.cpp.o -x c++ /usr/share/cmake-3.16/Modules/CMakeCXXCompilerABI.cpp]
  ignore line: [clang -cc1 version 15.0.0 based upon LLVM 15.0.0git default target x86_64-unknown-linux-gnu]
  ignore line: [ignoring nonexistent directory "/usr/lib/gcc/x86_64-linux-gnu/10/../../../../x86_64-linux-gnu/include"]
  ignore line: [ignoring nonexistent directory "/include"]
  ignore line: [#include "..." search starts here:]
  ignore line: [#include <...> search starts here:]
  ignore line: [ /usr/lib/gcc/x86_64-linux-gnu/10/../../../../include/c++/10]
  ignore line: [ /usr/lib/gcc/x86_64-linux-gnu/10/../../../../include/x86_64-linux-gnu/c++/10]
  ignore line: [ /usr/lib/gcc/x86_64-linux-gnu/10/../../../../include/c++/10/backward]
  ignore line: [ /home/gwangmu/Projects/Riskier/llvm/install/lib/clang/15.0.0/include]
  ignore line: [ /usr/local/include]
  ignore line: [ /usr/include/x86_64-linux-gnu]
  ignore line: [ /usr/include]
  ignore line: [End of search list.]
  ignore line: [Linking CXX executable cmTC_53c6b]
  ignore line: [/usr/bin/cmake -E cmake_link_script CMakeFiles/cmTC_53c6b.dir/link.txt --verbose=1]
  ignore line: [/home/gwangmu/Projects/Riskier/llvm/install/bin/clang++      -v -rdynamic CMakeFiles/cmTC_53c6b.dir/CMakeCXXCompilerABI.cpp.o  -o cmTC_53c6b ]
  ignore line: [clang version 15.0.0 (git@github.com:llvm/llvm-project.git e758b77161a70d7e7260d8f52bf161a89d73af8a)]
  ignore line: [Target: x86_64-unknown-linux-gnu]
  ignore line: [Thread model: posix]
  ignore line: [InstalledDir: /home/gwangmu/Projects/Riskier/llvm/install/bin]
  ignore line: [Found candidate GCC installation: /usr/lib/gcc/x86_64-linux-gnu/10]
  ignore line: [Found candidate GCC installation: /usr/lib/gcc/x86_64-linux-gnu/8]
  ignore line: [Found candidate GCC installation: /usr/lib/gcc/x86_64-linux-gnu/9]
  ignore line: [Selected GCC installation: /usr/lib/gcc/x86_64-linux-gnu/10]
  ignore line: [Candidate multilib: .]
  ignore line: [@m64]
  ignore line: [Selected multilib: .]
  ignore line: [@m64]
  link line: [ "/usr/bin/ld" -pie -export-dynamic -z relro --hash-style=gnu --eh-frame-hdr -m elf_x86_64 -export-dynamic -dynamic-linker /lib64/ld-linux-x86-64.so.2 -o cmTC_53c6b /lib/x86_64-linux-gnu/Scrt1.o /lib/x86_64-linux-gnu/crti.o /usr/lib/gcc/x86_64-linux-gnu/10/crtbeginS.o -L/usr/lib/gcc/x86_64-linux-gnu/10 -L/usr/lib/gcc/x86_64-linux-gnu/10/../../../../lib64 -L/lib/x86_64-linux-gnu -L/lib/../lib64 -L/usr/lib/x86_64-linux-gnu -L/usr/lib/../lib64 -L/lib -L/usr/lib CMakeFiles/cmTC_53c6b.dir/CMakeCXXCompilerABI.cpp.o -lstdc++ -lm -lgcc_s -lgcc -lc -lgcc_s -lgcc /usr/lib/gcc/x86_64-linux-gnu/10/crtendS.o /lib/x86_64-linux-gnu/crtn.o]
    arg [/usr/bin/ld] ==> ignore
    arg [-pie] ==> ignore
    arg [-export-dynamic] ==> ignore
    arg [-zrelro] ==> ignore
    arg [--hash-style=gnu] ==> ignore
    arg [--eh-frame-hdr] ==> ignore
    arg [-m] ==> ignore
    arg [elf_x86_64] ==> ignore
    arg [-export-dynamic] ==> ignore
    arg [-dynamic-linker] ==> ignore
    arg [/lib64/ld-linux-x86-64.so.2] ==> ignore
    arg [-o] ==> ignore
    arg [cmTC_53c6b] ==> ignore
    arg [/lib/x86_64-linux-gnu/Scrt1.o] ==> ignore
    arg [/lib/x86_64-linux-gnu/crti.o] ==> ignore
    arg [/usr/lib/gcc/x86_64-linux-gnu/10/crtbeginS.o] ==> ignore
    arg [-L/usr/lib/gcc/x86_64-linux-gnu/10] ==> dir [/usr/lib/gcc/x86_64-linux-gnu/10]
    arg [-L/usr/lib/gcc/x86_64-linux-gnu/10/../../../../lib64] ==> dir [/usr/lib/gcc/x86_64-linux-gnu/10/../../../../lib64]
    arg [-L/lib/x86_64-linux-gnu] ==> dir [/lib/x86_64-linux-gnu]
    arg [-L/lib/../lib64] ==> dir [/lib/../lib64]
    arg [-L/usr/lib/x86_64-linux-gnu] ==> dir [/usr/lib/x86_64-linux-gnu]
    arg [-L/usr/lib/../lib64] ==> dir [/usr/lib/../lib64]
    arg [-L/lib] ==> dir [/lib]
    arg [-L/usr/lib] ==> dir [/usr/lib]
    arg [CMakeFiles/cmTC_53c6b.dir/CMakeCXXCompilerABI.cpp.o] ==> ignore
    arg [-lstdc++] ==> lib [stdc++]
    arg [-lm] ==> lib [m]
    arg [-lgcc_s] ==> lib [gcc_s]
    arg [-lgcc] ==> lib [gcc]
    arg [-lc] ==> lib [c]
    arg [-lgcc_s] ==> lib [gcc_s]
    arg [-lgcc] ==> lib [gcc]
    arg [/usr/lib/gcc/x86_64-linux-gnu/10/crtendS.o] ==> ignore
    arg [/lib/x86_64-linux-gnu/crtn.o] ==> ignore
  collapse library dir [/usr/lib/gcc/x86_64-linux-gnu/10] ==> [/usr/lib/gcc/x86_64-linux-gnu/10]
  collapse library dir [/usr/lib/gcc/x86_64-linux-gnu/10/../../../../lib64] ==> [/usr/lib64]
  collapse library dir [/lib/x86_64-linux-gnu] ==> [/lib/x86_64-linux-gnu]
  collapse library dir [/lib/../lib64] ==> [/lib64]
  collapse library dir [/usr/lib/x86_64-linux-gnu] ==> [/usr/lib/x86_64-linux-gnu]
  collapse library dir [/usr/lib/../lib64] ==> [/usr/lib64]
  collapse library dir [/lib] ==> [/lib]
  collapse library dir [/usr/lib] ==> [/usr/lib]
  implicit libs: [stdc++;m;gcc_s;gcc;c;gcc_s;gcc]
  implicit dirs: [/usr/lib/gcc/x86_64-linux-gnu/10;/usr/lib64;/lib/x86_64-linux-gnu;/lib64;/usr/lib/x86_64-linux-gnu;/lib;/usr/lib]
  implicit fwks: []


Performing C SOURCE FILE Test Terminfo_LINKABLE succeeded with the following output:
Change Dir: /home/gwangmu/Projects/Riskier/cisa/build/CMakeFiles/CMakeTmp

Run Build Command(s):/usr/bin/make cmTC_b3123/fast && make[1]: Entering directory '/home/gwangmu/Projects/Riskier/cisa/build/CMakeFiles/CMakeTmp'
/usr/bin/make -f CMakeFiles/cmTC_b3123.dir/build.make CMakeFiles/cmTC_b3123.dir/build
make[2]: Entering directory '/home/gwangmu/Projects/Riskier/cisa/build/CMakeFiles/CMakeTmp'
Building C object CMakeFiles/cmTC_b3123.dir/src.c.o
/home/gwangmu/Projects/Riskier/llvm/install/bin/clang   -DTerminfo_LINKABLE   -o CMakeFiles/cmTC_b3123.dir/src.c.o   -c /home/gwangmu/Projects/Riskier/cisa/build/CMakeFiles/CMakeTmp/src.c
Linking C executable cmTC_b3123
/usr/bin/cmake -E cmake_link_script CMakeFiles/cmTC_b3123.dir/link.txt --verbose=1
/home/gwangmu/Projects/Riskier/llvm/install/bin/clang  -DTerminfo_LINKABLE    CMakeFiles/cmTC_b3123.dir/src.c.o  -o cmTC_b3123  /usr/lib/x86_64-linux-gnu/libtinfo.so 
make[2]: Leaving directory '/home/gwangmu/Projects/Riskier/cisa/build/CMakeFiles/CMakeTmp'
make[1]: Leaving directory '/home/gwangmu/Projects/Riskier/cisa/build/CMakeFiles/CMakeTmp'


Source file was:

    int setupterm(char *term, int filedes, int *errret);
    int main() { return setupterm(0, 0, 0); }
